# JRE version: OpenJDK Runtime Environment (8.0_152-b01) (build 1.8.0_152-release-915-b01)
# Java VM: OpenJDK 64-Bit Server VM (25.152-b01 mixed mode linux-amd64 compressed oops)
Heap:
 PSYoungGen      total 245248K, used 6992K [0x00000000e0000000, 0x00000000eff00000, 0x0000000100000000)
  eden space 229376K, 0% used [0x00000000e0000000,0x00000000e0000000,0x00000000ee000000)
  from space 15872K, 44% used [0x00000000ee000000,0x00000000ee6d4050,0x00000000eef80000)
  to   space 13312K, 0% used [0x00000000ef200000,0x00000000ef200000,0x00000000eff00000)
 ParOldGen       total 82944K, used 54418K [0x00000000a0000000, 0x00000000a5100000, 0x00000000e0000000)
  object space 82944K, 65% used [0x00000000a0000000,0x00000000a3524a50,0x00000000a5100000)
 Metaspace       used 73104K, capacity 76216K, committed 76504K, reserved 1116160K
  class space    used 9289K, capacity 9937K, committed 9984K, reserved 1048576K
GC Heap History (10 events):
Event: 129.654 GC heap after
Heap after GC invocations=25 (full 3):
 PSYoungGen      total 150016K, used 12796K [0x00000000e0000000, 0x00000000ea880000, 0x0000000100000000)
  eden space 137216K, 0% used [0x00000000e0000000,0x00000000e0000000,0x00000000e8600000)
  from space 12800K, 99% used [0x00000000e9600000,0x00000000ea27f130,0x00000000ea280000)
  to   space 16384K, 0% used [0x00000000e8600000,0x00000000e8600000,0x00000000e9600000)
 ParOldGen       total 82944K, used 34939K [0x00000000a0000000, 0x00000000a5100000, 0x00000000e0000000)
  object space 82944K, 42% used [0x00000000a0000000,0x00000000a221ed20,0x00000000a5100000)
 Metaspace       used 68552K, capacity 71358K, committed 71384K, reserved 1112064K
  class space    used 8860K, capacity 9472K, committed 9472K, reserved 1048576K
}
Event: 129.687 GC heap before
{Heap before GC invocations=26 (full 3):
 PSYoungGen      total 150016K, used 149211K [0x00000000e0000000, 0x00000000ea880000, 0x0000000100000000)
  eden space 137216K, 99% used [0x00000000e0000000,0x00000000e8537b18,0x00000000e8600000)
  from space 12800K, 99% used [0x00000000e9600000,0x00000000ea27f130,0x00000000ea280000)
  to   space 16384K, 0% used [0x00000000e8600000,0x00000000e8600000,0x00000000e9600000)
 ParOldGen       total 82944K, used 34939K [0x00000000a0000000, 0x00000000a5100000, 0x00000000e0000000)
  object space 82944K, 42% used [0x00000000a0000000,0x00000000a221ed20,0x00000000a5100000)
 Metaspace       used 68556K, capacity 71358K, committed 71384K, reserved 1112064K
  class space    used 8860K, capacity 9472K, committed 9472K, reserved 1048576K
Event: 129.704 GC heap after
Heap after GC invocations=26 (full 3):
 PSYoungGen      total 153600K, used 12780K [0x00000000e0000000, 0x00000000ed800000, 0x0000000100000000)
  eden space 137216K, 0% used [0x00000000e0000000,0x00000000e0000000,0x00000000e8600000)
  from space 16384K, 78% used [0x00000000e8600000,0x00000000e927b120,0x00000000e9600000)
  to   space 17920K, 0% used [0x00000000ec680000,0x00000000ec680000,0x00000000ed800000)
 ParOldGen       total 82944K, used 34947K [0x00000000a0000000, 0x00000000a5100000, 0x00000000e0000000)
  object space 82944K, 42% used [0x00000000a0000000,0x00000000a2220d20,0x00000000a5100000)
 Metaspace       used 68556K, capacity 71358K, committed 71384K, reserved 1112064K
  class space    used 8860K, capacity 9472K, committed 9472K, reserved 1048576K
}
Event: 129.958 GC heap before
{Heap before GC invocations=27 (full 3):
 PSYoungGen      total 153600K, used 149996K [0x00000000e0000000, 0x00000000ed800000, 0x0000000100000000)
  eden space 137216K, 100% used [0x00000000e0000000,0x00000000e8600000,0x00000000e8600000)
  from space 16384K, 78% used [0x00000000e8600000,0x00000000e927b120,0x00000000e9600000)
  to   space 17920K, 0% used [0x00000000ec680000,0x00000000ec680000,0x00000000ed800000)
 ParOldGen       total 82944K, used 34947K [0x00000000a0000000, 0x00000000a5100000, 0x00000000e0000000)
  object space 82944K, 42% used [0x00000000a0000000,0x00000000a2220d20,0x00000000a5100000)
 Metaspace       used 68731K, capacity 71570K, committed 71768K, reserved 1112064K
  class space    used 8889K, capacity 9516K, committed 9600K, reserved 1048576K
Event: 129.975 GC heap after
Heap after GC invocations=27 (full 3):
 PSYoungGen      total 200192K, used 7128K [0x00000000e0000000, 0x00000000ed580000, 0x0000000100000000)
  eden space 184832K, 0% used [0x00000000e0000000,0x00000000e0000000,0x00000000eb480000)
  from space 15360K, 46% used [0x00000000ec680000,0x00000000ecd76130,0x00000000ed580000)
  to   space 16896K, 0% used [0x00000000eb480000,0x00000000eb480000,0x00000000ec500000)
 ParOldGen       total 82944K, used 40818K [0x00000000a0000000, 0x00000000a5100000, 0x00000000e0000000)
  object space 82944K, 49% used [0x00000000a0000000,0x00000000a27dc9e0,0x00000000a5100000)
 Metaspace       used 68731K, capacity 71570K, committed 71768K, reserved 1112064K
  class space    used 8889K, capacity 9516K, committed 9600K, reserved 1048576K
}
Event: 135.480 GC heap before
{Heap before GC invocations=28 (full 3):
 PSYoungGen      total 200192K, used 191960K [0x00000000e0000000, 0x00000000ed580000, 0x0000000100000000)
  eden space 184832K, 100% used [0x00000000e0000000,0x00000000eb480000,0x00000000eb480000)
  from space 15360K, 46% used [0x00000000ec680000,0x00000000ecd76130,0x00000000ed580000)
  to   space 16896K, 0% used [0x00000000eb480000,0x00000000eb480000,0x00000000ec500000)
 ParOldGen       total 82944K, used 40818K [0x00000000a0000000, 0x00000000a5100000, 0x00000000e0000000)
  object space 82944K, 49% used [0x00000000a0000000,0x00000000a27dc9e0,0x00000000a5100000)
 Metaspace       used 72583K, capacity 75700K, committed 75992K, reserved 1116160K
  class space    used 9287K, capacity 9937K, committed 9984K, reserved 1048576K
Event: 135.518 GC heap after
Heap after GC invocations=28 (full 3):
 PSYoungGen      total 201728K, used 9984K [0x00000000e0000000, 0x00000000f0280000, 0x0000000100000000)
  eden space 184832K, 0% used [0x00000000e0000000,0x00000000e0000000,0x00000000eb480000)
  from space 16896K, 59% used [0x00000000eb480000,0x00000000ebe402c8,0x00000000ec500000)
  to   space 16896K, 0% used [0x00000000ef200000,0x00000000ef200000,0x00000000f0280000)
 ParOldGen       total 82944K, used 47635K [0x00000000a0000000, 0x00000000a5100000, 0x00000000e0000000)
  object space 82944K, 57% used [0x00000000a0000000,0x00000000a2e84f30,0x00000000a5100000)
 Metaspace       used 72583K, capacity 75700K, committed 75992K, reserved 1116160K
  class space    used 9287K, capacity 9937K, committed 9984K, reserved 1048576K
}
Event: 136.858 GC heap before
{Heap before GC invocations=29 (full 3):
 PSYoungGen      total 201728K, used 194816K [0x00000000e0000000, 0x00000000f0280000, 0x0000000100000000)
  eden space 184832K, 100% used [0x00000000e0000000,0x00000000eb480000,0x00000000eb480000)
  from space 16896K, 59% used [0x00000000eb480000,0x00000000ebe402c8,0x00000000ec500000)
  to   space 16896K, 0% used [0x00000000ef200000,0x00000000ef200000,0x00000000f0280000)
 ParOldGen       total 82944K, used 47635K [0x00000000a0000000, 0x00000000a5100000, 0x00000000e0000000)
  object space 82944K, 57% used [0x00000000a0000000,0x00000000a2e84f30,0x00000000a5100000)
 Metaspace       used 72811K, capacity 75892K, committed 75992K, reserved 1116160K
  class space    used 9289K, capacity 9937K, committed 9984K, reserved 1048576K
Event: 136.887 GC heap after
Heap after GC invocations=29 (full 3):
 PSYoungGen      total 242688K, used 6192K [0x00000000e0000000, 0x00000000eff00000, 0x0000000100000000)
  eden space 229376K, 0% used [0x00000000e0000000,0x00000000e0000000,0x00000000ee000000)
  from space 13312K, 46% used [0x00000000ef200000,0x00000000ef80c0a0,0x00000000eff00000)
  to   space 15872K, 0% used [0x00000000ee000000,0x00000000ee000000,0x00000000eef80000)
 ParOldGen       total 82944K, used 51250K [0x00000000a0000000, 0x00000000a5100000, 0x00000000e0000000)
  object space 82944K, 61% used [0x00000000a0000000,0x00000000a320c930,0x00000000a5100000)
 Metaspace       used 72811K, capacity 75892K, committed 75992K, reserved 1116160K
  class space    used 9289K, capacity 9937K, committed 9984K, reserved 1048576K
}
Event: 138.220 GC heap before
{Heap before GC invocations=30 (full 3):
 PSYoungGen      total 242688K, used 235568K [0x00000000e0000000, 0x00000000eff00000, 0x0000000100000000)
  eden space 229376K, 100% used [0x00000000e0000000,0x00000000ee000000,0x00000000ee000000)
  from space 13312K, 46% used [0x00000000ef200000,0x00000000ef80c0a0,0x00000000eff00000)
  to   space 15872K, 0% used [0x00000000ee000000,0x00000000ee000000,0x00000000eef80000)
 ParOldGen       total 82944K, used 51250K [0x00000000a0000000, 0x00000000a5100000, 0x00000000e0000000)
  object space 82944K, 61% used [0x00000000a0000000,0x00000000a320c930,0x00000000a5100000)
 Metaspace       used 73104K, capacity 76216K, committed 76504K, reserved 1116160K
  class space    used 9289K, capacity 9937K, committed 9984K, reserved 1048576K

