# JRE version: OpenJDK Runtime Environment (8.0_152-b01) (build 1.8.0_152-release-915-b01)
# Java VM: OpenJDK 64-Bit Server VM (25.152-b01 mixed mode linux-amd64 compressed oops)
Heap:
 PSYoungGen      total 381440K, used 26401K [0x00000000e0000000, 0x00000000fa580000, 0x0000000100000000)
  eden space 344064K, 0% used [0x00000000e0000000,0x00000000e0000000,0x00000000f5000000)
  from space 37376K, 70% used [0x00000000f5000000,0x00000000f69c8710,0x00000000f7480000)
  to   space 34816K, 0% used [0x00000000f7480000,0x00000000f7480000,0x00000000f9680000)
 ParOldGen       total 95232K, used 71158K [0x00000000a0000000, 0x00000000a5d00000, 0x00000000e0000000)
  object space 95232K, 74% used [0x00000000a0000000,0x00000000a457d928,0x00000000a5d00000)
 Metaspace       used 83201K, capacity 87830K, committed 88084K, reserved 1126400K
  class space    used 10509K, capacity 11575K, committed 11580K, reserved 1048576K
GC Heap History (10 events):
Event: 2272.574 GC heap after
Heap after GC invocations=25 (full 3):
 PSYoungGen      total 307200K, used 12653K [0x00000000e0000000, 0x00000000f4d00000, 0x0000000100000000)
  eden space 288768K, 0% used [0x00000000e0000000,0x00000000e0000000,0x00000000f1a00000)
  from space 18432K, 68% used [0x00000000f3b00000,0x00000000f475b688,0x00000000f4d00000)
  to   space 26112K, 0% used [0x00000000f1a00000,0x00000000f1a00000,0x00000000f3380000)
 ParOldGen       total 95232K, used 64292K [0x00000000a0000000, 0x00000000a5d00000, 0x00000000e0000000)
  object space 95232K, 67% used [0x00000000a0000000,0x00000000a3ec9118,0x00000000a5d00000)
 Metaspace       used 75778K, capacity 79846K, committed 79892K, reserved 1118208K
  class space    used 9813K, capacity 10783K, committed 10812K, reserved 1048576K
}
Event: 2277.598 GC heap before
{Heap before GC invocations=26 (full 3):
 PSYoungGen      total 307200K, used 301187K [0x00000000e0000000, 0x00000000f4d00000, 0x0000000100000000)
  eden space 288768K, 99% used [0x00000000e0000000,0x00000000f19c56c8,0x00000000f1a00000)
  from space 18432K, 68% used [0x00000000f3b00000,0x00000000f475b688,0x00000000f4d00000)
  to   space 26112K, 0% used [0x00000000f1a00000,0x00000000f1a00000,0x00000000f3380000)
 ParOldGen       total 95232K, used 64292K [0x00000000a0000000, 0x00000000a5d00000, 0x00000000e0000000)
  object space 95232K, 67% used [0x00000000a0000000,0x00000000a3ec9118,0x00000000a5d00000)
 Metaspace       used 78495K, capacity 82872K, committed 83092K, reserved 1122304K
  class space    used 10085K, capacity 11140K, committed 11196K, reserved 1048576K
Event: 2277.629 GC heap after
Heap after GC invocations=26 (full 3):
 PSYoungGen      total 314880K, used 20396K [0x00000000e0000000, 0x00000000f7180000, 0x0000000100000000)
  eden space 288768K, 0% used [0x00000000e0000000,0x00000000e0000000,0x00000000f1a00000)
  from space 26112K, 78% used [0x00000000f1a00000,0x00000000f2deb2a8,0x00000000f3380000)
  to   space 28160K, 0% used [0x00000000f5600000,0x00000000f5600000,0x00000000f7180000)
 ParOldGen       total 95232K, used 64300K [0x00000000a0000000, 0x00000000a5d00000, 0x00000000e0000000)
  object space 95232K, 67% used [0x00000000a0000000,0x00000000a3ecb118,0x00000000a5d00000)
 Metaspace       used 78495K, capacity 82872K, committed 83092K, reserved 1122304K
  class space    used 10085K, capacity 11140K, committed 11196K, reserved 1048576K
}
Event: 2281.605 GC heap before
{Heap before GC invocations=27 (full 3):
 PSYoungGen      total 314880K, used 309164K [0x00000000e0000000, 0x00000000f7180000, 0x0000000100000000)
  eden space 288768K, 100% used [0x00000000e0000000,0x00000000f1a00000,0x00000000f1a00000)
  from space 26112K, 78% used [0x00000000f1a00000,0x00000000f2deb2a8,0x00000000f3380000)
  to   space 28160K, 0% used [0x00000000f5600000,0x00000000f5600000,0x00000000f7180000)
 ParOldGen       total 95232K, used 64300K [0x00000000a0000000, 0x00000000a5d00000, 0x00000000e0000000)
  object space 95232K, 67% used [0x00000000a0000000,0x00000000a3ecb118,0x00000000a5d00000)
 Metaspace       used 79062K, capacity 83570K, committed 83732K, reserved 1122304K
  class space    used 10180K, capacity 11235K, committed 11324K, reserved 1048576K
Event: 2281.645 GC heap after
Heap after GC invocations=27 (full 3):
 PSYoungGen      total 348160K, used 21256K [0x00000000e0000000, 0x00000000f7480000, 0x0000000100000000)
  eden space 320000K, 0% used [0x00000000e0000000,0x00000000e0000000,0x00000000f3880000)
  from space 28160K, 75% used [0x00000000f5600000,0x00000000f6ac23e0,0x00000000f7180000)
  to   space 30208K, 0% used [0x00000000f3880000,0x00000000f3880000,0x00000000f5600000)
 ParOldGen       total 95232K, used 64308K [0x00000000a0000000, 0x00000000a5d00000, 0x00000000e0000000)
  object space 95232K, 67% used [0x00000000a0000000,0x00000000a3ecd118,0x00000000a5d00000)
 Metaspace       used 79062K, capacity 83570K, committed 83732K, reserved 1122304K
  class space    used 10180K, capacity 11235K, committed 11324K, reserved 1048576K
}
Event: 2287.926 GC heap before
{Heap before GC invocations=28 (full 3):
 PSYoungGen      total 348160K, used 341256K [0x00000000e0000000, 0x00000000f7480000, 0x0000000100000000)
  eden space 320000K, 100% used [0x00000000e0000000,0x00000000f3880000,0x00000000f3880000)
  from space 28160K, 75% used [0x00000000f5600000,0x00000000f6ac23e0,0x00000000f7180000)
  to   space 30208K, 0% used [0x00000000f3880000,0x00000000f3880000,0x00000000f5600000)
 ParOldGen       total 95232K, used 64308K [0x00000000a0000000, 0x00000000a5d00000, 0x00000000e0000000)
  object space 95232K, 67% used [0x00000000a0000000,0x00000000a3ecd118,0x00000000a5d00000)
 Metaspace       used 82738K, capacity 87434K, committed 87572K, reserved 1126400K
  class space    used 10509K, capacity 11575K, committed 11580K, reserved 1048576K
Event: 2287.995 GC heap after
Heap after GC invocations=28 (full 3):
 PSYoungGen      total 350208K, used 30205K [0x00000000e0000000, 0x00000000f9680000, 0x0000000100000000)
  eden space 320000K, 0% used [0x00000000e0000000,0x00000000e0000000,0x00000000f3880000)
  from space 30208K, 99% used [0x00000000f3880000,0x00000000f55ff420,0x00000000f5600000)
  to   space 34816K, 0% used [0x00000000f7480000,0x00000000f7480000,0x00000000f9680000)
 ParOldGen       total 95232K, used 64447K [0x00000000a0000000, 0x00000000a5d00000, 0x00000000e0000000)
  object space 95232K, 67% used [0x00000000a0000000,0x00000000a3eefc10,0x00000000a5d00000)
 Metaspace       used 82738K, capacity 87434K, committed 87572K, reserved 1126400K
  class space    used 10509K, capacity 11575K, committed 11580K, reserved 1048576K
}
Event: 2289.963 GC heap before
{Heap before GC invocations=29 (full 3):
 PSYoungGen      total 350208K, used 350205K [0x00000000e0000000, 0x00000000f9680000, 0x0000000100000000)
  eden space 320000K, 100% used [0x00000000e0000000,0x00000000f3880000,0x00000000f3880000)
  from space 30208K, 99% used [0x00000000f3880000,0x00000000f55ff420,0x00000000f5600000)
  to   space 34816K, 0% used [0x00000000f7480000,0x00000000f7480000,0x00000000f9680000)
 ParOldGen       total 95232K, used 64447K [0x00000000a0000000, 0x00000000a5d00000, 0x00000000e0000000)
  object space 95232K, 67% used [0x00000000a0000000,0x00000000a3eefc10,0x00000000a5d00000)
 Metaspace       used 83080K, capacity 87694K, committed 87828K, reserved 1126400K
  class space    used 10509K, capacity 11575K, committed 11580K, reserved 1048576K
Event: 2290.046 GC heap after
Heap after GC invocations=29 (full 3):
 PSYoungGen      total 378880K, used 26385K [0x00000000e0000000, 0x00000000fa580000, 0x0000000100000000)
  eden space 344064K, 0% used [0x00000000e0000000,0x00000000e0000000,0x00000000f5000000)
  from space 34816K, 75% used [0x00000000f7480000,0x00000000f8e446e0,0x00000000f9680000)
  to   space 37376K, 0% used [0x00000000f5000000,0x00000000f5000000,0x00000000f7480000)
 ParOldGen       total 95232K, used 71150K [0x00000000a0000000, 0x00000000a5d00000, 0x00000000e0000000)
  object space 95232K, 74% used [0x00000000a0000000,0x00000000a457b928,0x00000000a5d00000)
 Metaspace       used 83080K, capacity 87694K, committed 87828K, reserved 1126400K
  class space    used 10509K, capacity 11575K, committed 11580K, reserved 1048576K
}
Event: 2303.760 GC heap before
{Heap before GC invocations=30 (full 3):
 PSYoungGen      total 378880K, used 370449K [0x00000000e0000000, 0x00000000fa580000, 0x0000000100000000)
  eden space 344064K, 100% used [0x00000000e0000000,0x00000000f5000000,0x00000000f5000000)
  from space 34816K, 75% used [0x00000000f7480000,0x00000000f8e446e0,0x00000000f9680000)
  to   space 37376K, 0% used [0x00000000f5000000,0x00000000f5000000,0x00000000f7480000)
 ParOldGen       total 95232K, used 71150K [0x00000000a0000000, 0x00000000a5d00000, 0x00000000e0000000)
  object space 95232K, 74% used [0x00000000a0000000,0x00000000a457b928,0x00000000a5d00000)
 Metaspace       used 83201K, capacity 87830K, committed 88084K, reserved 1126400K
  class space    used 10509K, capacity 11575K, committed 11580K, reserved 1048576K

