# JRE version: OpenJDK Runtime Environment (8.0_152-b01) (build 1.8.0_152-release-915-b01)
# Java VM: OpenJDK 64-Bit Server VM (25.152-b01 mixed mode linux-amd64 compressed oops)
Heap:
 PSYoungGen      total 259072K, used 4824K [0x00000000e0000000, 0x00000000f1200000, 0x0000000100000000)
  eden space 238080K, 0% used [0x00000000e0000000,0x00000000e0000000,0x00000000ee880000)
  from space 20992K, 22% used [0x00000000ee880000,0x00000000eed360a8,0x00000000efd00000)
  to   space 21504K, 0% used [0x00000000efd00000,0x00000000efd00000,0x00000000f1200000)
 ParOldGen       total 89088K, used 47700K [0x00000000a0000000, 0x00000000a5700000, 0x00000000e0000000)
  object space 89088K, 53% used [0x00000000a0000000,0x00000000a2e95398,0x00000000a5700000)
 Metaspace       used 67187K, capacity 69160K, committed 69336K, reserved 1110016K
  class space    used 8633K, capacity 9135K, committed 9216K, reserved 1048576K
GC Heap History (10 events):
Event: 44.042 GC heap after
Heap after GC invocations=21 (full 3):
 PSYoungGen      total 179200K, used 13292K [0x00000000e0000000, 0x00000000ec880000, 0x0000000100000000)
  eden space 160768K, 0% used [0x00000000e0000000,0x00000000e0000000,0x00000000e9d00000)
  from space 18432K, 72% used [0x00000000eb000000,0x00000000ebcfb1c8,0x00000000ec200000)
  to   space 19456K, 0% used [0x00000000e9d00000,0x00000000e9d00000,0x00000000eb000000)
 ParOldGen       total 89088K, used 30398K [0x00000000a0000000, 0x00000000a5700000, 0x00000000e0000000)
  object space 89088K, 34% used [0x00000000a0000000,0x00000000a1daf9c0,0x00000000a5700000)
 Metaspace       used 66506K, capacity 68444K, committed 68824K, reserved 1110016K
  class space    used 8632K, capacity 9135K, committed 9216K, reserved 1048576K
}
Event: 45.264 GC heap before
{Heap before GC invocations=22 (full 3):
 PSYoungGen      total 179200K, used 174060K [0x00000000e0000000, 0x00000000ec880000, 0x0000000100000000)
  eden space 160768K, 100% used [0x00000000e0000000,0x00000000e9d00000,0x00000000e9d00000)
  from space 18432K, 72% used [0x00000000eb000000,0x00000000ebcfb1c8,0x00000000ec200000)
  to   space 19456K, 0% used [0x00000000e9d00000,0x00000000e9d00000,0x00000000eb000000)
 ParOldGen       total 89088K, used 30398K [0x00000000a0000000, 0x00000000a5700000, 0x00000000e0000000)
  object space 89088K, 34% used [0x00000000a0000000,0x00000000a1daf9c0,0x00000000a5700000)
 Metaspace       used 66699K, capacity 68636K, committed 68824K, reserved 1110016K
  class space    used 8633K, capacity 9135K, committed 9216K, reserved 1048576K
Event: 45.299 GC heap after
Heap after GC invocations=22 (full 3):
 PSYoungGen      total 180224K, used 15500K [0x00000000e0000000, 0x00000000ee580000, 0x0000000100000000)
  eden space 160768K, 0% used [0x00000000e0000000,0x00000000e0000000,0x00000000e9d00000)
  from space 19456K, 79% used [0x00000000e9d00000,0x00000000eac231c8,0x00000000eb000000)
  to   space 20992K, 0% used [0x00000000ed100000,0x00000000ed100000,0x00000000ee580000)
 ParOldGen       total 89088K, used 30406K [0x00000000a0000000, 0x00000000a5700000, 0x00000000e0000000)
  object space 89088K, 34% used [0x00000000a0000000,0x00000000a1db19c0,0x00000000a5700000)
 Metaspace       used 66699K, capacity 68636K, committed 68824K, reserved 1110016K
  class space    used 8633K, capacity 9135K, committed 9216K, reserved 1048576K
}
Event: 46.203 GC heap before
{Heap before GC invocations=23 (full 3):
 PSYoungGen      total 180224K, used 176268K [0x00000000e0000000, 0x00000000ee580000, 0x0000000100000000)
  eden space 160768K, 100% used [0x00000000e0000000,0x00000000e9d00000,0x00000000e9d00000)
  from space 19456K, 79% used [0x00000000e9d00000,0x00000000eac231c8,0x00000000eb000000)
  to   space 20992K, 0% used [0x00000000ed100000,0x00000000ed100000,0x00000000ee580000)
 ParOldGen       total 89088K, used 30406K [0x00000000a0000000, 0x00000000a5700000, 0x00000000e0000000)
  object space 89088K, 34% used [0x00000000a0000000,0x00000000a1db19c0,0x00000000a5700000)
 Metaspace       used 66929K, capacity 68896K, committed 69080K, reserved 1110016K
  class space    used 8633K, capacity 9135K, committed 9216K, reserved 1048576K
Event: 46.236 GC heap after
Heap after GC invocations=23 (full 3):
 PSYoungGen      total 211968K, used 18396K [0x00000000e0000000, 0x00000000eee00000, 0x0000000100000000)
  eden space 190976K, 0% used [0x00000000e0000000,0x00000000e0000000,0x00000000eba80000)
  from space 20992K, 87% used [0x00000000ed100000,0x00000000ee2f71d8,0x00000000ee580000)
  to   space 23040K, 0% used [0x00000000eba80000,0x00000000eba80000,0x00000000ed100000)
 ParOldGen       total 89088K, used 30414K [0x00000000a0000000, 0x00000000a5700000, 0x00000000e0000000)
  object space 89088K, 34% used [0x00000000a0000000,0x00000000a1db39c0,0x00000000a5700000)
 Metaspace       used 66929K, capacity 68896K, committed 69080K, reserved 1110016K
  class space    used 8633K, capacity 9135K, committed 9216K, reserved 1048576K
}
Event: 47.379 GC heap before
{Heap before GC invocations=24 (full 3):
 PSYoungGen      total 211968K, used 209372K [0x00000000e0000000, 0x00000000eee00000, 0x0000000100000000)
  eden space 190976K, 100% used [0x00000000e0000000,0x00000000eba80000,0x00000000eba80000)
  from space 20992K, 87% used [0x00000000ed100000,0x00000000ee2f71d8,0x00000000ee580000)
  to   space 23040K, 0% used [0x00000000eba80000,0x00000000eba80000,0x00000000ed100000)
 ParOldGen       total 89088K, used 30414K [0x00000000a0000000, 0x00000000a5700000, 0x00000000e0000000)
  object space 89088K, 34% used [0x00000000a0000000,0x00000000a1db39c0,0x00000000a5700000)
 Metaspace       used 67057K, capacity 69088K, committed 69336K, reserved 1110016K
  class space    used 8633K, capacity 9135K, committed 9216K, reserved 1048576K
Event: 47.417 GC heap after
Heap after GC invocations=24 (full 3):
 PSYoungGen      total 214016K, used 7922K [0x00000000e0000000, 0x00000000f1280000, 0x0000000100000000)
  eden space 190976K, 0% used [0x00000000e0000000,0x00000000e0000000,0x00000000eba80000)
  from space 23040K, 34% used [0x00000000eba80000,0x00000000ec23c918,0x00000000ed100000)
  to   space 22016K, 0% used [0x00000000efd00000,0x00000000efd00000,0x00000000f1280000)
 ParOldGen       total 89088K, used 40516K [0x00000000a0000000, 0x00000000a5700000, 0x00000000e0000000)
  object space 89088K, 45% used [0x00000000a0000000,0x00000000a2791388,0x00000000a5700000)
 Metaspace       used 67057K, capacity 69088K, committed 69336K, reserved 1110016K
  class space    used 8633K, capacity 9135K, committed 9216K, reserved 1048576K
}
Event: 48.299 GC heap before
{Heap before GC invocations=25 (full 3):
 PSYoungGen      total 214016K, used 198898K [0x00000000e0000000, 0x00000000f1280000, 0x0000000100000000)
  eden space 190976K, 100% used [0x00000000e0000000,0x00000000eba80000,0x00000000eba80000)
  from space 23040K, 34% used [0x00000000eba80000,0x00000000ec23c918,0x00000000ed100000)
  to   space 22016K, 0% used [0x00000000efd00000,0x00000000efd00000,0x00000000f1280000)
 ParOldGen       total 89088K, used 40516K [0x00000000a0000000, 0x00000000a5700000, 0x00000000e0000000)
  object space 89088K, 45% used [0x00000000a0000000,0x00000000a2791388,0x00000000a5700000)
 Metaspace       used 67137K, capacity 69160K, committed 69336K, reserved 1110016K
  class space    used 8633K, capacity 9135K, committed 9216K, reserved 1048576K
Event: 48.324 GC heap after
Heap after GC invocations=25 (full 3):
 PSYoungGen      total 259584K, used 9112K [0x00000000e0000000, 0x00000000f1200000, 0x0000000100000000)
  eden space 238080K, 0% used [0x00000000e0000000,0x00000000e0000000,0x00000000ee880000)
  from space 21504K, 42% used [0x00000000efd00000,0x00000000f05e60b0,0x00000000f1200000)
  to   space 20992K, 0% used [0x00000000ee880000,0x00000000ee880000,0x00000000efd00000)
 ParOldGen       total 89088K, used 44004K [0x00000000a0000000, 0x00000000a5700000, 0x00000000e0000000)
  object space 89088K, 49% used [0x00000000a0000000,0x00000000a2af9388,0x00000000a5700000)
 Metaspace       used 67137K, capacity 69160K, committed 69336K, reserved 1110016K
  class space    used 8633K, capacity 9135K, committed 9216K, reserved 1048576K
}
Event: 53.933 GC heap before
{Heap before GC invocations=26 (full 3):
 PSYoungGen      total 259584K, used 247192K [0x00000000e0000000, 0x00000000f1200000, 0x0000000100000000)
  eden space 238080K, 100% used [0x00000000e0000000,0x00000000ee880000,0x00000000ee880000)
  from space 21504K, 42% used [0x00000000efd00000,0x00000000f05e60b0,0x00000000f1200000)
  to   space 20992K, 0% used [0x00000000ee880000,0x00000000ee880000,0x00000000efd00000)
 ParOldGen       total 89088K, used 44004K [0x00000000a0000000, 0x00000000a5700000, 0x00000000e0000000)
  object space 89088K, 49% used [0x00000000a0000000,0x00000000a2af9388,0x00000000a5700000)
 Metaspace       used 67187K, capacity 69160K, committed 69336K, reserved 1110016K
  class space    used 8633K, capacity 9135K, committed 9216K, reserved 1048576K

